# JRE version: Java(TM) SE Runtime Environment (8.0_45-b14) (build 1.8.0_45-b14)
# Java VM: Java HotSpot(TM) 64-Bit Server VM (25.45-b02 mixed mode bsd-amd64 compressed oops)
Heap:
 PSYoungGen      total 48128K, used 27881K [0x00000007aab00000, 0x00000007b8180000, 0x00000007c0000000)
  eden space 46080K, 56% used [0x00000007aab00000,0x00000007ac440760,0x00000007ad800000)
  from space 2048K, 98% used [0x00000007b7f80000,0x00000007b8179d20,0x00000007b8180000)
  to   space 3584K, 0% used [0x00000007b7a80000,0x00000007b7a80000,0x00000007b7e00000)
 ParOldGen       total 39424K, used 20587K [0x0000000780000000, 0x0000000782680000, 0x00000007aab00000)
  object space 39424K, 52% used [0x0000000780000000,0x000000078141ae88,0x0000000782680000)
 Metaspace       used 25754K, capacity 27308K, committed 27648K, reserved 1073152K
  class space    used 3439K, capacity 3719K, committed 3840K, reserved 1048576K
GC Heap History (10 events):
Event: 1802.141 GC heap before
{Heap before GC invocations=75 (full 1):
 PSYoungGen      total 54784K, used 54133K [0x00000007aab00000, 0x00000007b8980000, 0x00000007c0000000)
  eden space 52736K, 99% used [0x00000007aab00000,0x00000007ade1a4b8,0x00000007ade80000)
  from space 2048K, 88% used [0x00000007b8380000,0x00000007b85431f8,0x00000007b8580000)
  to   space 4096K, 0% used [0x00000007b8580000,0x00000007b8580000,0x00000007b8980000)
 ParOldGen       total 39424K, used 20227K [0x0000000780000000, 0x0000000782680000, 0x00000007aab00000)
  object space 39424K, 51% used [0x0000000780000000,0x00000007813c0e88,0x0000000782680000)
 Metaspace       used 25750K, capacity 27308K, committed 27648K, reserved 1073152K
  class space    used 3439K, capacity 3719K, committed 3840K, reserved 1048576K
Event: 1802.158 GC heap after
Heap after GC invocations=75 (full 1):
 PSYoungGen      total 53248K, used 1960K [0x00000007aab00000, 0x00000007b8780000, 0x00000007c0000000)
  eden space 51200K, 0% used [0x00000007aab00000,0x00000007aab00000,0x00000007add00000)
  from space 2048K, 95% used [0x00000007b8580000,0x00000007b876a238,0x00000007b8780000)
  to   space 3584K, 0% used [0x00000007b8080000,0x00000007b8080000,0x00000007b8400000)
 ParOldGen       total 39424K, used 20291K [0x0000000780000000, 0x0000000782680000, 0x00000007aab00000)
  object space 39424K, 51% used [0x0000000780000000,0x00000007813d0e88,0x0000000782680000)
 Metaspace       used 25750K, capacity 27308K, committed 27648K, reserved 1073152K
  class space    used 3439K, capacity 3719K, committed 3840K, reserved 1048576K
}
Event: 1813.523 GC heap before
{Heap before GC invocations=76 (full 1):
 PSYoungGen      total 53248K, used 53160K [0x00000007aab00000, 0x00000007b8780000, 0x00000007c0000000)
  eden space 51200K, 100% used [0x00000007aab00000,0x00000007add00000,0x00000007add00000)
  from space 2048K, 95% used [0x00000007b8580000,0x00000007b876a238,0x00000007b8780000)
  to   space 3584K, 0% used [0x00000007b8080000,0x00000007b8080000,0x00000007b8400000)
 ParOldGen       total 39424K, used 20291K [0x0000000780000000, 0x0000000782680000, 0x00000007aab00000)
  object space 39424K, 51% used [0x0000000780000000,0x00000007813d0e88,0x0000000782680000)
 Metaspace       used 25750K, capacity 27308K, committed 27648K, reserved 1073152K
  class space    used 3439K, capacity 3719K, committed 3840K, reserved 1048576K
Event: 1813.528 GC heap after
Heap after GC invocations=76 (full 1):
 PSYoungGen      total 51200K, used 1483K [0x00000007aab00000, 0x00000007b8600000, 0x00000007c0000000)
  eden space 49664K, 0% used [0x00000007aab00000,0x00000007aab00000,0x00000007adb80000)
  from space 1536K, 96% used [0x00000007b8080000,0x00000007b81f2e58,0x00000007b8200000)
  to   space 3584K, 0% used [0x00000007b8280000,0x00000007b8280000,0x00000007b8600000)
 ParOldGen       total 39424K, used 20363K [0x0000000780000000, 0x0000000782680000, 0x00000007aab00000)
  object space 39424K, 51% used [0x0000000780000000,0x00000007813e2e88,0x0000000782680000)
 Metaspace       used 25750K, capacity 27308K, committed 27648K, reserved 1073152K
  class space    used 3439K, capacity 3719K, committed 3840K, reserved 1048576K
}
Event: 1827.819 GC heap before
{Heap before GC invocations=77 (full 1):
 PSYoungGen      total 51200K, used 51147K [0x00000007aab00000, 0x00000007b8600000, 0x00000007c0000000)
  eden space 49664K, 100% used [0x00000007aab00000,0x00000007adb80000,0x00000007adb80000)
  from space 1536K, 96% used [0x00000007b8080000,0x00000007b81f2e58,0x00000007b8200000)
  to   space 3584K, 0% used [0x00000007b8280000,0x00000007b8280000,0x00000007b8600000)
 ParOldGen       total 39424K, used 20363K [0x0000000780000000, 0x0000000782680000, 0x00000007aab00000)
  object space 39424K, 51% used [0x0000000780000000,0x00000007813e2e88,0x0000000782680000)
 Metaspace       used 25750K, capacity 27308K, committed 27648K, reserved 1073152K
  class space    used 3439K, capacity 3719K, committed 3840K, reserved 1048576K
Event: 1827.823 GC heap after
Heap after GC invocations=77 (full 1):
 PSYoungGen      total 49664K, used 1419K [0x00000007aab00000, 0x00000007b8400000, 0x00000007c0000000)
  eden space 48128K, 0% used [0x00000007aab00000,0x00000007aab00000,0x00000007ada00000)
  from space 1536K, 92% used [0x00000007b8280000,0x00000007b83e2c18,0x00000007b8400000)
  to   space 3584K, 0% used [0x00000007b7d00000,0x00000007b7d00000,0x00000007b8080000)
 ParOldGen       total 39424K, used 20443K [0x0000000780000000, 0x0000000782680000, 0x00000007aab00000)
  object space 39424K, 51% used [0x0000000780000000,0x00000007813f6e88,0x0000000782680000)
 Metaspace       used 25750K, capacity 27308K, committed 27648K, reserved 1073152K
  class space    used 3439K, capacity 3719K, committed 3840K, reserved 1048576K
}
Event: 1839.266 GC heap before
{Heap before GC invocations=78 (full 1):
 PSYoungGen      total 49664K, used 49547K [0x00000007aab00000, 0x00000007b8400000, 0x00000007c0000000)
  eden space 48128K, 100% used [0x00000007aab00000,0x00000007ada00000,0x00000007ada00000)
  from space 1536K, 92% used [0x00000007b8280000,0x00000007b83e2c18,0x00000007b8400000)
  to   space 3584K, 0% used [0x00000007b7d00000,0x00000007b7d00000,0x00000007b8080000)
 ParOldGen       total 39424K, used 20443K [0x0000000780000000, 0x0000000782680000, 0x00000007aab00000)
  object space 39424K, 51% used [0x0000000780000000,0x00000007813f6e88,0x0000000782680000)
 Metaspace       used 25750K, capacity 27308K, committed 27648K, reserved 1073152K
  class space    used 3439K, capacity 3719K, committed 3840K, reserved 1048576K
Event: 1839.271 GC heap after
Heap after GC invocations=78 (full 1):
 PSYoungGen      total 49152K, used 1908K [0x00000007aab00000, 0x00000007b8300000, 0x00000007c0000000)
  eden space 47104K, 0% used [0x00000007aab00000,0x00000007aab00000,0x00000007ad900000)
  from space 2048K, 93% used [0x00000007b7d00000,0x00000007b7edd0c8,0x00000007b7f00000)
  to   space 3584K, 0% used [0x00000007b7f80000,0x00000007b7f80000,0x00000007b8300000)
 ParOldGen       total 39424K, used 20523K [0x0000000780000000, 0x0000000782680000, 0x00000007aab00000)
  object space 39424K, 52% used [0x0000000780000000,0x000000078140ae88,0x0000000782680000)
 Metaspace       used 25750K, capacity 27308K, committed 27648K, reserved 1073152K
  class space    used 3439K, capacity 3719K, committed 3840K, reserved 1048576K
}
Event: 1849.941 GC heap before
{Heap before GC invocations=79 (full 1):
 PSYoungGen      total 49152K, used 48735K [0x00000007aab00000, 0x00000007b8300000, 0x00000007c0000000)
  eden space 47104K, 99% used [0x00000007aab00000,0x00000007ad8bada0,0x00000007ad900000)
  from space 2048K, 93% used [0x00000007b7d00000,0x00000007b7edd0c8,0x00000007b7f00000)
  to   space 3584K, 0% used [0x00000007b7f80000,0x00000007b7f80000,0x00000007b8300000)
 ParOldGen       total 39424K, used 20523K [0x0000000780000000, 0x0000000782680000, 0x00000007aab00000)
  object space 39424K, 52% used [0x0000000780000000,0x000000078140ae88,0x0000000782680000)
 Metaspace       used 25750K, capacity 27308K, committed 27648K, reserved 1073152K
  class space    used 3439K, capacity 3719K, committed 3840K, reserved 1048576K
Event: 1849.946 GC heap after
Heap after GC invocations=79 (full 1):
 PSYoungGen      total 48128K, used 2023K [0x00000007aab00000, 0x00000007b8180000, 0x00000007c0000000)
  eden space 46080K, 0% used [0x00000007aab00000,0x00000007aab00000,0x00000007ad800000)
  from space 2048K, 98% used [0x00000007b7f80000,0x00000007b8179d20,0x00000007b8180000)
  to   space 3584K, 0% used [0x00000007b7a80000,0x00000007b7a80000,0x00000007b7e00000)
 ParOldGen       total 39424K, used 20587K [0x0000000780000000, 0x0000000782680000, 0x00000007aab00000)
  object space 39424K, 52% used [0x0000000780000000,0x000000078141ae88,0x0000000782680000)
 Metaspace       used 25750K, capacity 27308K, committed 27648K, reserved 1073152K
  class space    used 3439K, capacity 3719K, committed 3840K, reserved 1048576K
}

